<?xml version="1.0" encoding="UTF-8"?>
<!-- Generated by org.testng.reporters.JUnitXMLReporter -->
<testsuite ignored="2" hostname="CISPL-IO-80" failures="0" tests="1" name="Default test" time="23.259" errors="0" timestamp="2024-06-20T17:07:16 IST">
  <testcase classname="TestPackage.OrderFlow" name="checkoutguest" time="5.857"/>
  <testcase classname="TestPackage.OrderFlow" name="searchproduct" time="0.0">
    <ignored/>
  </testcase> <!-- searchproduct -->
  <testcase classname="TestPackage.OrderFlow" name="successaddtocartmessage" time="0.0">
    <ignored/>
  </testcase> <!-- successaddtocartmessage -->
</testsuite> <!-- Default test -->
