<?xml version="1.0" encoding="UTF-8"?>
<!-- Generated by org.testng.reporters.JUnitXMLReporter -->
<testsuite ignored="0" hostname="CISPL-IO-80" failures="1" tests="1" name="Cart Page Test" time="5.546" errors="0" timestamp="2024-07-31T19:37:04 IST">
  <testcase classname="TestPackage.CartPageTest" name="addtocartsccsmsgchecking" time="1.555">
    <failure type="java.lang.AssertionError" message="expected [The product has been added to your shopping cart 123] but found [The product has been added to your shopping cart]">
      <![CDATA[java.lang.AssertionError: expected [The product has been added to your shopping cart 123] but found [The product has been added to your shopping cart]
at TestPackage.CartPageTest.addtocartsccsmsgchecking(CartPageTest.java:22)
at java.base/java.util.ArrayList.forEach(ArrayList.java:1511)
... Removed 33 stack frames]]>
    </failure>
  </testcase> <!-- addtocartsccsmsgchecking -->
</testsuite> <!-- Cart Page Test -->
