<?xml version="1.0" encoding="UTF-8"?>
<!-- Generated by org.testng.reporters.JUnitXMLReporter -->
<testsuite ignored="0" hostname="CISPL-IO-80" failures="1" tests="1" name="Cart Page Test" time="12.673" errors="0" timestamp="2024-06-28T13:41:24 IST">
  <testcase classname="TestPackage.CartPageTest" name="addtocartsccsmsgchecking" time="1.895">
    <failure type="java.lang.AssertionError" message="expected [The product has been added to your shopping cart 123] but found [The product has been added to your shopping cart]">
      <![CDATA[java.lang.AssertionError: expected [The product has been added to your shopping cart 123] but found [The product has been added to your shopping cart]
at TestPackage.CartPageTest.addtocartsccsmsgchecking(CartPageTest.java:22)
at java.base/java.util.concurrent.ThreadPoolExecutor.runWorker(ThreadPoolExecutor.java:1136)
at java.base/java.util.concurrent.ThreadPoolExecutor$Worker.run(ThreadPoolExecutor.java:635)
at java.base/java.lang.Thread.run(Thread.java:833)
... Removed 18 stack frames]]>
    </failure>
  </testcase> <!-- addtocartsccsmsgchecking -->
</testsuite> <!-- Cart Page Test -->
