<?xml version="1.0" encoding="UTF-8"?>
<!-- Generated by org.testng.reporters.JUnitXMLReporter -->
<testsuite ignored="0" hostname="CISPL-IO-80" failures="0" tests="4" name="OrderFlow" time="106.467" errors="0" timestamp="2024-07-31T19:36:44 IST">
  <testcase classname="TestPackage.OrderFlow" name="checkoutguest" time="24.343"/>
  <testcase classname="TestPackage.OrderFlow" name="checkoutguest" time="17.986"/>
  <testcase classname="TestPackage.OrderFlow" name="searchproduct" time="16.009"/>
  <testcase classname="TestPackage.OrderFlow" name="successaddtocartmessage" time="16.757"/>
</testsuite> <!-- OrderFlow -->
