<?xml version="1.0" encoding="UTF-8"?>
<!-- Generated by org.testng.reporters.JUnitXMLReporter -->
<testsuite ignored="0" hostname="CISPL-IO-80" failures="1" tests="3" name="Home Page Test" time="40.912" errors="0" timestamp="2024-08-06T14:35:36 IST">
  <testcase classname="TestPackage.HomeTest" name="categorylinkTest" time="0.797"/>
  <testcase classname="TestPackage.HomeTest" name="heading" time="1.042">
    <failure type="java.lang.AssertionError" message="expected [Featured products Test] but found [Featured products]">
      <![CDATA[java.lang.AssertionError: expected [Featured products Test] but found [Featured products]
at TestPackage.HomeTest.heading(HomeTest.java:30)
at java.base/java.util.ArrayList.forEach(ArrayList.java:1511)
... Removed 37 stack frames]]>
    </failure>
  </testcase> <!-- heading -->
  <testcase classname="TestPackage.HomeTest" name="homecontent" time="0.713"/>
</testsuite> <!-- Home Page Test -->
