<?xml version="1.0" encoding="UTF-8"?>
<testng-results ignored="0" total="1" passed="1" failed="0" skipped="0">
  <reporter-output>
  </reporter-output>
  <suite started-at="2024-06-20T17:06:53 IST" name="Default suite" finished-at="2024-06-20T17:07:16 IST" duration-ms="23259">
    <groups>
    </groups>
    <test started-at="2024-06-20T17:06:53 IST" name="Default test" finished-at="2024-06-20T17:07:16 IST" duration-ms="23259">
      <class name="TestPackage.OrderFlow">
        <test-method is-config="true" signature="gotoLandingpage()[pri:0, instance:TestPackage.OrderFlow@77fbd92c]" started-at="2024-06-20T17:06:53 IST" name="gotoLandingpage" finished-at="2024-06-20T17:07:10 IST" duration-ms="16811" status="PASS">
          <reporter-output>
          </reporter-output>
        </test-method> <!-- gotoLandingpage -->
        <test-method signature="checkoutguest()[pri:0, instance:TestPackage.OrderFlow@77fbd92c]" started-at="2024-06-20T17:07:10 IST" name="checkoutguest" finished-at="2024-06-20T17:07:16 IST" duration-ms="5857" status="PASS">
          <reporter-output>
          </reporter-output>
        </test-method> <!-- checkoutguest -->
        <test-method is-config="true" signature="closeBrowser()[pri:0, instance:TestPackage.OrderFlow@77fbd92c]" started-at="2024-06-20T17:07:16 IST" name="closeBrowser" finished-at="2024-06-20T17:07:16 IST" duration-ms="385" status="PASS">
          <reporter-output>
          </reporter-output>
        </test-method> <!-- closeBrowser -->
      </class> <!-- TestPackage.OrderFlow -->
    </test> <!-- Default test -->
  </suite> <!-- Default suite -->
</testng-results>
